{"/Users/gatukgl/workspace/training/unittest-react/fizzbuzz/index.js": {"path":"/Users/gatukgl/workspace/training/unittest-react/fizzbuzz/index.js","statementMap":{"0":{"start":{"line":1,"column":17},"end":{"line":11,"column":1}},"1":{"start":{"line":2,"column":2},"end":{"line":10,"column":3}},"2":{"start":{"line":3,"column":4},"end":{"line":3,"column":22}},"3":{"start":{"line":4,"column":9},"end":{"line":10,"column":3}},"4":{"start":{"line":5,"column":4},"end":{"line":5,"column":18}},"5":{"start":{"line":6,"column":9},"end":{"line":10,"column":3}},"6":{"start":{"line":7,"column":4},"end":{"line":7,"column":18}},"7":{"start":{"line":9,"column":4},"end":{"line":9,"column":17}},"8":{"start":{"line":13,"column":0},"end":{"line":13,"column":26}}},"fnMap":{"0":{"name":"(anonymous_0)","decl":{"start":{"line":1,"column":17},"end":{"line":1,"column":18}},"loc":{"start":{"line":1,"column":28},"end":{"line":11,"column":1}},"line":1}},"branchMap":{"0":{"loc":{"start":{"line":2,"column":2},"end":{"line":10,"column":3}},"type":"if","locations":[{"start":{"line":2,"column":2},"end":{"line":10,"column":3}},{"start":{"line":2,"column":2},"end":{"line":10,"column":3}}],"line":2},"1":{"loc":{"start":{"line":4,"column":9},"end":{"line":10,"column":3}},"type":"if","locations":[{"start":{"line":4,"column":9},"end":{"line":10,"column":3}},{"start":{"line":4,"column":9},"end":{"line":10,"column":3}}],"line":4},"2":{"loc":{"start":{"line":6,"column":9},"end":{"line":10,"column":3}},"type":"if","locations":[{"start":{"line":6,"column":9},"end":{"line":10,"column":3}},{"start":{"line":6,"column":9},"end":{"line":10,"column":3}}],"line":6}},"s":{"0":1,"1":7,"2":1,"3":6,"4":2,"5":4,"6":2,"7":2,"8":1},"f":{"0":7},"b":{"0":[1,6],"1":[2,4],"2":[2,2]},"_coverageSchema":"1a1c01bbd47fc00a2c39e90264f33305004495a9","hash":"ce8b0ff928687d4c0aedfa889f4b6cb505ef2687"}
}
